2026-05-16 21:00:25.937 | INFO     | __main__:main:176 - Calendar sidebar starting up
2026-05-16 21:00:25.937 | INFO     | __main__:main:182 - Starting API server thread
2026-05-16 21:00:25.938 | DEBUG    | __main__:_start_server:68 - Server thread starting
2026-05-16 21:00:26.063 | INFO     | __main__:main:188 - Creating main window
2026-05-16 21:00:27.265 | DEBUG    | __main__:__init__:103 - UI will load from http://127.0.0.1:8765/ after 900 ms
2026-05-16 21:00:27.279 | DEBUG    | __main__:_disable_dwm_corners:127 - DWM rounded corners disabled
2026-05-16 21:00:27.280 | INFO     | __main__:main:192 - Entering Qt event loop
2026-05-16 21:00:27.420 | DEBUG    | __main__:_disable_dwm_corners:127 - DWM rounded corners disabled
2026-05-16 21:00:28.392 | INFO     | __main__:_on_loaded:148 - WebEngine page loaded successfully
2026-05-16 21:00:34.273 | INFO     | server:run:319 - Google OAuth credentials found in environment
2026-05-16 21:00:34.274 | INFO     | server:run:323 - API server starting on http://127.0.0.1:8765
2026-05-16 21:00:36.323 | DEBUG    | __main__:_on_open_state:167 - Sidebar state changed: closed
2026-05-16 21:00:40.119 | DEBUG    | __main__:_on_open_state:167 - Sidebar state changed: open
2026-05-16 21:00:41.523 | DEBUG    | __main__:_on_open_state:167 - Sidebar state changed: closed
2026-05-16 21:00:42.615 | DEBUG    | __main__:_on_open_state:167 - Sidebar state changed: open
2026-05-16 21:00:45.584 | DEBUG    | __main__:_on_open_state:167 - Sidebar state changed: closed
2026-05-16 21:00:47.303 | DEBUG    | __main__:_on_open_state:167 - Sidebar state changed: open
2026-05-16 21:00:48.553 | DEBUG    | __main__:_on_open_state:167 - Sidebar state changed: closed
2026-05-17 22:49:19.167 | DEBUG    | __main__:_on_open_state:167 - Sidebar state changed: open
2026-05-17 22:49:25.569 | DEBUG    | __main__:_on_open_state:167 - Sidebar state changed: closed
